[     756ms] [ERROR] Failed to load resource: the server responded with a status of 404 (File not found) @ http://localhost:8000/about-hero.jpg:0
[     831ms] [ERROR] Failed to load resource: the server responded with a status of 404 (File not found) @ http://localhost:8000/app/demos/demo-v3-thumb.jpg:0
[     831ms] [ERROR] Failed to load resource: the server responded with a status of 404 (File not found) @ http://localhost:8000/app/demos/demo-31.jpg:0
[     831ms] [ERROR] Failed to load resource: the server responded with a status of 404 (File not found) @ http://localhost:8000/app/demos/demo-2.jpg:0
[     831ms] [ERROR] Failed to load resource: the server responded with a status of 404 (File not found) @ http://localhost:8000/app/demos/demo-22.jpg:0
[     831ms] [ERROR] Failed to load resource: the server responded with a status of 404 (File not found) @ http://localhost:8000/app/demos/demo-17.jpg:0
[     869ms] [ERROR] Failed to load resource: the server responded with a status of 404 (File not found) @ http://localhost:8000/app/demos/demo-28.jpg:0
[     869ms] [ERROR] Failed to load resource: the server responded with a status of 404 (File not found) @ http://localhost:8000/app/demos/demo-15.jpg:0
[     869ms] [ERROR] Failed to load resource: the server responded with a status of 404 (File not found) @ http://localhost:8000/app/demos/demo-20.jpg:0
[     870ms] [ERROR] Failed to load resource: the server responded with a status of 404 (File not found) @ http://localhost:8000/app/demos/bg-1.jpg:0
[     870ms] [ERROR] Failed to load resource: the server responded with a status of 404 (File not found) @ http://localhost:8000/app/demos/demo-1.jpg:0
[     870ms] [ERROR] Failed to load resource: the server responded with a status of 404 (File not found) @ http://localhost:8000/app/demos/demo-16.jpg:0
[     870ms] [ERROR] Failed to load resource: the server responded with a status of 404 (File not found) @ http://localhost:8000/app/demos/demo-14.jpg:0
[     870ms] [ERROR] Failed to load resource: the server responded with a status of 404 (File not found) @ http://localhost:8000/app/demos/demo-8.jpg:0
[     870ms] [ERROR] Failed to load resource: the server responded with a status of 404 (File not found) @ http://localhost:8000/app/demos/demo-19.jpg:0
[     870ms] [ERROR] Failed to load resource: the server responded with a status of 404 (File not found) @ http://localhost:8000/app/demos/demo-6.jpg:0
[     870ms] [ERROR] Failed to load resource: the server responded with a status of 404 (File not found) @ http://localhost:8000/app/demos/bg-2.jpg:0
[     870ms] [ERROR] Failed to load resource: the server responded with a status of 404 (File not found) @ http://localhost:8000/app/demos/demo-7.jpg:0
[     870ms] [ERROR] Failed to load resource: the server responded with a status of 404 (File not found) @ http://localhost:8000/app/demos/demo-13.jpg:0
[     870ms] [ERROR] Failed to load resource: the server responded with a status of 404 (File not found) @ http://localhost:8000/app/demos/demo-9.jpg:0
[     870ms] [ERROR] Failed to load resource: the server responded with a status of 404 (File not found) @ http://localhost:8000/app/demos/bg-3.jpg:0
[     870ms] [ERROR] Failed to load resource: the server responded with a status of 404 (File not found) @ http://localhost:8000/app/demos/demo-29.jpg:0
[     870ms] [ERROR] Failed to load resource: the server responded with a status of 404 (File not found) @ http://localhost:8000/app/demos/demo-23.jpg:0
[     870ms] [ERROR] Failed to load resource: the server responded with a status of 404 (File not found) @ http://localhost:8000/app/demos/demo-5.jpg:0
[     870ms] [ERROR] Failed to load resource: the server responded with a status of 404 (File not found) @ http://localhost:8000/app/demos/demo-26.jpg:0
[     870ms] [ERROR] Failed to load resource: the server responded with a status of 404 (File not found) @ http://localhost:8000/app/demos/demo-4.jpg:0
[     870ms] [ERROR] Failed to load resource: the server responded with a status of 404 (File not found) @ http://localhost:8000/app/demos/demo-27.jpg:0
[     870ms] [ERROR] Failed to load resource: the server responded with a status of 404 (File not found) @ http://localhost:8000/app/demos/demo-21.jpg:0
[     870ms] [ERROR] Failed to load resource: the server responded with a status of 404 (File not found) @ http://localhost:8000/app/demos/demo-18.jpg:0
[     870ms] [ERROR] Failed to load resource: the server responded with a status of 404 (File not found) @ http://localhost:8000/app/demos/demo-25.jpg:0
[     870ms] [ERROR] Failed to load resource: the server responded with a status of 404 (File not found) @ http://localhost:8000/app/demos/demo-10.jpg:0
[     871ms] [ERROR] Failed to load resource: the server responded with a status of 404 (File not found) @ http://localhost:8000/app/demos/demo-24.jpg:0
[     871ms] [ERROR] Failed to load resource: the server responded with a status of 404 (File not found) @ http://localhost:8000/app/demos/demo-30.jpg:0
[     871ms] [ERROR] Failed to load resource: the server responded with a status of 404 (File not found) @ http://localhost:8000/app/demos/demo-v2-thumb.jpg:0
[     871ms] [ERROR] Failed to load resource: the server responded with a status of 404 (File not found) @ http://localhost:8000/app/demos/demo-3.jpg:0
[     871ms] [ERROR] Failed to load resource: the server responded with a status of 404 (File not found) @ http://localhost:8000/app/demos/demo-v1-thumb.jpg:0
[     871ms] [ERROR] Failed to load resource: the server responded with a status of 404 (File not found) @ http://localhost:8000/app/demos/demo-11.jpg:0
[     871ms] [ERROR] Failed to load resource: the server responded with a status of 404 (File not found) @ http://localhost:8000/app/demos/demo-12.jpg:0
[     871ms] [ERROR] Failed to load resource: the server responded with a status of 404 (File not found) @ http://localhost:8000/landing-assets/whatsnew-v1.jpg:0
[    2465ms] [ERROR] Failed to load resource: the server responded with a status of 404 (File not found) @ http://localhost:8000/app/demos/demo-v3-thumb.jpg:0
[    2465ms] [ERROR] Failed to load resource: the server responded with a status of 404 (File not found) @ http://localhost:8000/app/demos/demo-31.jpg:0
[    2466ms] [ERROR] Failed to load resource: the server responded with a status of 404 (File not found) @ http://localhost:8000/app/demos/demo-2.jpg:0
[    2466ms] [ERROR] Failed to load resource: the server responded with a status of 404 (File not found) @ http://localhost:8000/app/demos/demo-22.jpg:0
[    2469ms] [ERROR] Failed to load resource: the server responded with a status of 404 (File not found) @ http://localhost:8000/landing-assets/whatsnew-v1.jpg:0
[    2469ms] [ERROR] Failed to load resource: the server responded with a status of 404 (File not found) @ http://localhost:8000/app/demos/demo-17.jpg:0
